0 info it worked if it ends with ok
1 verbose cli [ '/usr/bin/nodejs',
1 verbose cli   '/usr/bin/npm',
1 verbose cli   'install',
1 verbose cli   '-g',
1 verbose cli   'generator-chrome-extension' ]
2 info using npm@1.3.10
3 info using node@v0.10.25
4 verbose cache add [ 'generator-chrome-extension', null ]
5 verbose cache add name=undefined spec="generator-chrome-extension" args=["generator-chrome-extension",null]
6 verbose parsed url { protocol: null,
6 verbose parsed url   slashes: null,
6 verbose parsed url   auth: null,
6 verbose parsed url   host: null,
6 verbose parsed url   port: null,
6 verbose parsed url   hostname: null,
6 verbose parsed url   hash: null,
6 verbose parsed url   search: null,
6 verbose parsed url   query: null,
6 verbose parsed url   pathname: 'generator-chrome-extension',
6 verbose parsed url   path: 'generator-chrome-extension',
6 verbose parsed url   href: 'generator-chrome-extension' }
7 silly lockFile fcfe2b79-generator-chrome-extension generator-chrome-extension
8 verbose lock generator-chrome-extension /home/james/.npm/fcfe2b79-generator-chrome-extension.lock
9 silly lockFile fcfe2b79-generator-chrome-extension generator-chrome-extension
10 silly lockFile fcfe2b79-generator-chrome-extension generator-chrome-extension
11 verbose addNamed [ 'generator-chrome-extension', '' ]
12 verbose addNamed [ null, '*' ]
13 silly lockFile 4f45b217-generator-chrome-extension generator-chrome-extension@
14 verbose lock generator-chrome-extension@ /home/james/.npm/4f45b217-generator-chrome-extension.lock
15 silly addNameRange { name: 'generator-chrome-extension',
15 silly addNameRange   range: '*',
15 silly addNameRange   hasData: false }
16 verbose url raw generator-chrome-extension
17 verbose url resolving [ 'https://registry.npmjs.org/',
17 verbose url resolving   './generator-chrome-extension' ]
18 verbose url resolved https://registry.npmjs.org/generator-chrome-extension
19 info trying registry request attempt 1 at 00:22:49
20 http GET https://registry.npmjs.org/generator-chrome-extension
21 http 200 https://registry.npmjs.org/generator-chrome-extension
22 silly registry.get cb [ 200,
22 silly registry.get   { date: 'Fri, 19 Sep 2014 23:22:55 GMT',
22 silly registry.get     server: 'CouchDB/1.5.0 (Erlang OTP/R16B03)',
22 silly registry.get     etag: '"BGGOZBCE55BR8Y1I3V10J1HH7"',
22 silly registry.get     'content-type': 'application/json',
22 silly registry.get     'cache-control': 'max-age=60',
22 silly registry.get     'content-length': '21200',
22 silly registry.get     'accept-ranges': 'bytes',
22 silly registry.get     via: '1.1 varnish',
22 silly registry.get     age: '0',
22 silly registry.get     'x-served-by': 'cache-lcy1134-LCY',
22 silly registry.get     'x-cache': 'MISS',
22 silly registry.get     'x-cache-hits': '0',
22 silly registry.get     'x-timer': 'S1411168975.168152,VS0,VE167',
22 silly registry.get     vary: 'Accept',
22 silly registry.get     'keep-alive': 'timeout=10, max=50',
22 silly registry.get     connection: 'Keep-Alive' } ]
23 silly addNameRange number 2 { name: 'generator-chrome-extension', range: '*', hasData: true }
24 silly addNameRange versions [ 'generator-chrome-extension',
24 silly addNameRange   [ '0.1.0',
24 silly addNameRange     '0.1.1',
24 silly addNameRange     '0.2.0',
24 silly addNameRange     '0.2.1',
24 silly addNameRange     '0.2.2',
24 silly addNameRange     '0.2.3',
24 silly addNameRange     '0.2.4',
24 silly addNameRange     '0.2.5',
24 silly addNameRange     '0.2.6',
24 silly addNameRange     '0.2.7',
24 silly addNameRange     '0.2.8',
24 silly addNameRange     '0.2.9' ] ]
25 verbose addNamed [ 'generator-chrome-extension', '0.2.9' ]
26 verbose addNamed [ '0.2.9', '0.2.9' ]
27 silly lockFile 08d4591f-generator-chrome-extension-0-2-9 generator-chrome-extension@0.2.9
28 verbose lock generator-chrome-extension@0.2.9 /home/james/.npm/08d4591f-generator-chrome-extension-0-2-9.lock
29 silly lockFile 2f8423db-rator-chrome-extension-0-2-9-tgz https://registry.npmjs.org/generator-chrome-extension/-/generator-chrome-extension-0.2.9.tgz
30 verbose lock https://registry.npmjs.org/generator-chrome-extension/-/generator-chrome-extension-0.2.9.tgz /home/james/.npm/2f8423db-rator-chrome-extension-0-2-9-tgz.lock
31 verbose addRemoteTarball [ 'https://registry.npmjs.org/generator-chrome-extension/-/generator-chrome-extension-0.2.9.tgz',
31 verbose addRemoteTarball   'a57acdff9c08a230d2c0b99d23f90311744d7401' ]
32 info retry fetch attempt 1 at 00:22:49
33 verbose fetch to= /home/james/tmp/npm-16140-P7BGthK7/1411168969989-0.22082573524676263/tmp.tgz
34 http GET https://registry.npmjs.org/generator-chrome-extension/-/generator-chrome-extension-0.2.9.tgz
35 http 200 https://registry.npmjs.org/generator-chrome-extension/-/generator-chrome-extension-0.2.9.tgz
36 verbose tar unpack /home/james/tmp/npm-16140-P7BGthK7/1411168969989-0.22082573524676263/tmp.tgz
37 silly lockFile c1eb5f53-9989-0-22082573524676263-package tar:///home/james/tmp/npm-16140-P7BGthK7/1411168969989-0.22082573524676263/package
38 verbose lock tar:///home/james/tmp/npm-16140-P7BGthK7/1411168969989-0.22082573524676263/package /home/james/.npm/c1eb5f53-9989-0-22082573524676263-package.lock
39 silly lockFile 66a46d9a-9989-0-22082573524676263-tmp-tgz tar:///home/james/tmp/npm-16140-P7BGthK7/1411168969989-0.22082573524676263/tmp.tgz
40 verbose lock tar:///home/james/tmp/npm-16140-P7BGthK7/1411168969989-0.22082573524676263/tmp.tgz /home/james/.npm/66a46d9a-9989-0-22082573524676263-tmp-tgz.lock
41 silly gunzTarPerm modes [ '755', '644' ]
42 silly gunzTarPerm extractEntry package.json
43 silly gunzTarPerm extractEntry .npmignore
44 silly gunzTarPerm extractEntry app/index.js
45 silly gunzTarPerm extractEntry app/USAGE
46 silly gunzTarPerm extractEntry app/templates/Gruntfile.js
47 silly gunzTarPerm extractEntry app/templates/styles/main.css
48 silly gunzTarPerm extractEntry app/templates/styles/main.scss
49 silly gunzTarPerm extractEntry app/templates/_locales/en/messages.json
50 silly gunzTarPerm extractEntry app/templates/_package.json
51 silly gunzTarPerm extractEntry app/templates/bowerrc
52 silly gunzTarPerm extractEntry app/templates/coffees/background.browseraction.coffee
53 silly gunzTarPerm extractEntry app/templates/coffees/background.coffee
54 silly gunzTarPerm extractEntry app/templates/coffees/background.pageaction.coffee
55 silly gunzTarPerm extractEntry app/templates/coffees/chromereload.coffee
56 silly gunzTarPerm extractEntry app/templates/coffees/contentscript.coffee
57 silly gunzTarPerm extractEntry app/templates/coffees/options.coffee
58 silly gunzTarPerm extractEntry app/templates/coffees/popup.coffee
59 silly gunzTarPerm extractEntry app/templates/editorconfig
60 silly gunzTarPerm extractEntry app/templates/gitattributes
61 silly gunzTarPerm extractEntry app/templates/_bower.json
62 silly gunzTarPerm extractEntry app/templates/images/icon-128.png
63 silly gunzTarPerm extractEntry app/templates/images/icon-16.png
64 silly gunzTarPerm extractEntry app/templates/images/icon-19.png
65 silly gunzTarPerm extractEntry app/templates/images/icon-38.png
66 silly gunzTarPerm extractEntry app/templates/jshintrc
67 silly gunzTarPerm extractEntry app/templates/manifest.json
68 silly gunzTarPerm extractEntry app/templates/options.html
69 silly gunzTarPerm extractEntry app/templates/popup.html
70 silly gunzTarPerm extractEntry app/templates/scripts/background.browseraction.js
71 silly gunzTarPerm extractEntry app/templates/scripts/background.js
72 silly gunzTarPerm extractEntry app/templates/scripts/background.pageaction.js
73 silly gunzTarPerm extractEntry app/templates/scripts/chromereload.js
74 silly gunzTarPerm extractEntry app/templates/scripts/contentscript.js
75 silly gunzTarPerm extractEntry app/templates/scripts/options.js
76 silly gunzTarPerm extractEntry app/templates/scripts/popup.js
77 silly gunzTarPerm extractEntry app/templates/gitignore
78 silly gunzTarPerm extractEntry .editorconfig
79 silly gunzTarPerm extractEntry .travis.yml
80 silly gunzTarPerm extractEntry .gitattributes
81 silly gunzTarPerm extractEntry contributing.md
82 silly gunzTarPerm extractEntry readme.md
83 silly gunzTarPerm extractEntry .jshintrc
84 silly gunzTarPerm extractEntry test/test.js
85 silly gunzTarPerm extractEntry test/temp/package.json
86 silly gunzTarPerm extractEntry test/temp/.npmignore
87 silly gunzTarPerm extractEntry test/temp/Gruntfile.js
88 silly gunzTarPerm extractEntry test/temp/.bowerrc
89 silly gunzTarPerm extractEntry test/temp/.editorconfig
90 silly gunzTarPerm extractEntry test/temp/.gitattributes
91 silly gunzTarPerm extractEntry test/temp/.jshintrc
92 silly gunzTarPerm extractEntry test/temp/app/_locales/en/messages.json
93 silly gunzTarPerm extractEntry test/temp/app/images/icon-128.png
94 silly gunzTarPerm extractEntry test/temp/app/images/icon-16.png
95 silly gunzTarPerm extractEntry test/temp/app/images/icon-19.png
96 silly gunzTarPerm extractEntry test/temp/app/images/icon-38.png
97 silly gunzTarPerm extractEntry test/temp/app/manifest.json
98 silly gunzTarPerm extractEntry test/temp/app/options.html
99 silly gunzTarPerm extractEntry test/temp/app/popup.html
100 silly gunzTarPerm extractEntry test/temp/app/scripts/background.js
101 silly gunzTarPerm extractEntry test/temp/app/scripts/chromereload.js
102 silly gunzTarPerm extractEntry test/temp/app/scripts/contentscript.js
103 silly gunzTarPerm extractEntry test/temp/app/scripts/options.js
104 silly gunzTarPerm extractEntry test/temp/app/scripts/popup.js
105 silly gunzTarPerm extractEntry test/temp/app/styles/main.css
106 silly gunzTarPerm extractEntry test/temp/bower.json
107 silly lockFile c1eb5f53-9989-0-22082573524676263-package tar:///home/james/tmp/npm-16140-P7BGthK7/1411168969989-0.22082573524676263/package
108 silly lockFile c1eb5f53-9989-0-22082573524676263-package tar:///home/james/tmp/npm-16140-P7BGthK7/1411168969989-0.22082573524676263/package
109 silly lockFile 66a46d9a-9989-0-22082573524676263-tmp-tgz tar:///home/james/tmp/npm-16140-P7BGthK7/1411168969989-0.22082573524676263/tmp.tgz
110 silly lockFile 66a46d9a-9989-0-22082573524676263-tmp-tgz tar:///home/james/tmp/npm-16140-P7BGthK7/1411168969989-0.22082573524676263/tmp.tgz
111 verbose tar pack [ '/home/james/.npm/generator-chrome-extension/0.2.9/package.tgz',
111 verbose tar pack   '/home/james/tmp/npm-16140-P7BGthK7/1411168969989-0.22082573524676263/package' ]
112 verbose tarball /home/james/.npm/generator-chrome-extension/0.2.9/package.tgz
113 verbose folder /home/james/tmp/npm-16140-P7BGthK7/1411168969989-0.22082573524676263/package
114 silly lockFile c1eb5f53-9989-0-22082573524676263-package tar:///home/james/tmp/npm-16140-P7BGthK7/1411168969989-0.22082573524676263/package
115 verbose lock tar:///home/james/tmp/npm-16140-P7BGthK7/1411168969989-0.22082573524676263/package /home/james/.npm/c1eb5f53-9989-0-22082573524676263-package.lock
116 silly lockFile 7f4cacbe-rome-extension-0-2-9-package-tgz tar:///home/james/.npm/generator-chrome-extension/0.2.9/package.tgz
117 verbose lock tar:///home/james/.npm/generator-chrome-extension/0.2.9/package.tgz /home/james/.npm/7f4cacbe-rome-extension-0-2-9-package-tgz.lock
118 silly lockFile c1eb5f53-9989-0-22082573524676263-package tar:///home/james/tmp/npm-16140-P7BGthK7/1411168969989-0.22082573524676263/package
119 silly lockFile c1eb5f53-9989-0-22082573524676263-package tar:///home/james/tmp/npm-16140-P7BGthK7/1411168969989-0.22082573524676263/package
120 silly lockFile 7f4cacbe-rome-extension-0-2-9-package-tgz tar:///home/james/.npm/generator-chrome-extension/0.2.9/package.tgz
121 silly lockFile 7f4cacbe-rome-extension-0-2-9-package-tgz tar:///home/james/.npm/generator-chrome-extension/0.2.9/package.tgz
122 silly lockFile b527089e-r-chrome-extension-0-2-9-package /home/james/.npm/generator-chrome-extension/0.2.9/package
123 verbose lock /home/james/.npm/generator-chrome-extension/0.2.9/package /home/james/.npm/b527089e-r-chrome-extension-0-2-9-package.lock
124 silly lockFile b527089e-r-chrome-extension-0-2-9-package /home/james/.npm/generator-chrome-extension/0.2.9/package
125 silly lockFile b527089e-r-chrome-extension-0-2-9-package /home/james/.npm/generator-chrome-extension/0.2.9/package
126 verbose tar unpack /home/james/.npm/generator-chrome-extension/0.2.9/package.tgz
127 silly lockFile 06c59de9-r-chrome-extension-0-2-9-package tar:///home/james/.npm/generator-chrome-extension/0.2.9/package
128 verbose lock tar:///home/james/.npm/generator-chrome-extension/0.2.9/package /home/james/.npm/06c59de9-r-chrome-extension-0-2-9-package.lock
129 silly lockFile 7f4cacbe-rome-extension-0-2-9-package-tgz tar:///home/james/.npm/generator-chrome-extension/0.2.9/package.tgz
130 verbose lock tar:///home/james/.npm/generator-chrome-extension/0.2.9/package.tgz /home/james/.npm/7f4cacbe-rome-extension-0-2-9-package-tgz.lock
131 silly gunzTarPerm modes [ '755', '644' ]
132 silly gunzTarPerm extractEntry package.json
133 silly gunzTarPerm extractEntry .npmignore
134 silly gunzTarPerm extractEntry .editorconfig
135 silly gunzTarPerm extractEntry .gitattributes
136 silly gunzTarPerm extractEntry .jshintrc
137 silly gunzTarPerm extractEntry .travis.yml
138 silly gunzTarPerm extractEntry app/index.js
139 silly gunzTarPerm extractEntry app/USAGE
140 silly gunzTarPerm extractEntry app/templates/Gruntfile.js
141 silly gunzTarPerm extractEntry app/templates/styles/main.css
142 silly gunzTarPerm extractEntry app/templates/styles/main.scss
143 silly gunzTarPerm extractEntry app/templates/_locales/en/messages.json
144 silly gunzTarPerm extractEntry app/templates/_package.json
145 silly gunzTarPerm extractEntry app/templates/bowerrc
146 silly gunzTarPerm extractEntry app/templates/coffees/background.browseraction.coffee
147 silly gunzTarPerm extractEntry app/templates/coffees/background.coffee
148 silly gunzTarPerm extractEntry app/templates/coffees/background.pageaction.coffee
149 silly gunzTarPerm extractEntry app/templates/coffees/chromereload.coffee
150 silly gunzTarPerm extractEntry app/templates/coffees/contentscript.coffee
151 silly gunzTarPerm extractEntry app/templates/coffees/options.coffee
152 silly gunzTarPerm extractEntry app/templates/coffees/popup.coffee
153 silly gunzTarPerm extractEntry app/templates/editorconfig
154 silly gunzTarPerm extractEntry app/templates/gitattributes
155 silly gunzTarPerm extractEntry app/templates/_bower.json
156 silly gunzTarPerm extractEntry app/templates/images/icon-128.png
157 silly gunzTarPerm extractEntry app/templates/images/icon-16.png
158 silly gunzTarPerm extractEntry app/templates/images/icon-19.png
159 silly gunzTarPerm extractEntry app/templates/images/icon-38.png
160 silly gunzTarPerm extractEntry app/templates/jshintrc
161 silly gunzTarPerm extractEntry app/templates/manifest.json
162 silly gunzTarPerm extractEntry app/templates/options.html
163 silly gunzTarPerm extractEntry app/templates/popup.html
164 silly gunzTarPerm extractEntry app/templates/scripts/background.browseraction.js
165 silly gunzTarPerm extractEntry app/templates/scripts/background.js
166 silly gunzTarPerm extractEntry app/templates/scripts/background.pageaction.js
167 silly gunzTarPerm extractEntry app/templates/scripts/chromereload.js
168 silly gunzTarPerm extractEntry app/templates/scripts/contentscript.js
169 silly gunzTarPerm extractEntry app/templates/scripts/options.js
170 silly gunzTarPerm extractEntry app/templates/scripts/popup.js
171 silly gunzTarPerm extractEntry app/templates/gitignore
172 silly gunzTarPerm extractEntry contributing.md
173 silly gunzTarPerm extractEntry readme.md
174 silly gunzTarPerm extractEntry test/test.js
175 silly gunzTarPerm extractEntry test/temp/package.json
176 silly gunzTarPerm extractEntry test/temp/.npmignore
177 silly gunzTarPerm extractEntry test/temp/Gruntfile.js
178 silly gunzTarPerm extractEntry test/temp/.bowerrc
179 silly gunzTarPerm extractEntry test/temp/.editorconfig
180 silly gunzTarPerm extractEntry test/temp/.gitattributes
181 silly gunzTarPerm extractEntry test/temp/.jshintrc
182 silly gunzTarPerm extractEntry test/temp/app/_locales/en/messages.json
183 silly gunzTarPerm extractEntry test/temp/app/images/icon-128.png
184 silly gunzTarPerm extractEntry test/temp/app/images/icon-16.png
185 silly gunzTarPerm extractEntry test/temp/app/images/icon-19.png
186 silly gunzTarPerm extractEntry test/temp/app/images/icon-38.png
187 silly gunzTarPerm extractEntry test/temp/app/manifest.json
188 silly gunzTarPerm extractEntry test/temp/app/options.html
189 silly gunzTarPerm extractEntry test/temp/app/popup.html
190 silly gunzTarPerm extractEntry test/temp/app/scripts/background.js
191 silly gunzTarPerm extractEntry test/temp/app/scripts/chromereload.js
192 silly gunzTarPerm extractEntry test/temp/app/scripts/contentscript.js
193 silly gunzTarPerm extractEntry test/temp/app/scripts/options.js
194 silly gunzTarPerm extractEntry test/temp/app/scripts/popup.js
195 silly gunzTarPerm extractEntry test/temp/app/styles/main.css
196 silly gunzTarPerm extractEntry test/temp/bower.json
197 silly lockFile 06c59de9-r-chrome-extension-0-2-9-package tar:///home/james/.npm/generator-chrome-extension/0.2.9/package
198 silly lockFile 06c59de9-r-chrome-extension-0-2-9-package tar:///home/james/.npm/generator-chrome-extension/0.2.9/package
199 silly lockFile 7f4cacbe-rome-extension-0-2-9-package-tgz tar:///home/james/.npm/generator-chrome-extension/0.2.9/package.tgz
200 silly lockFile 7f4cacbe-rome-extension-0-2-9-package-tgz tar:///home/james/.npm/generator-chrome-extension/0.2.9/package.tgz
201 verbose chmod /home/james/.npm/generator-chrome-extension/0.2.9/package.tgz 644
202 verbose chown /home/james/.npm/generator-chrome-extension/0.2.9/package.tgz [ 1000, 1000 ]
203 silly lockFile 2f8423db-rator-chrome-extension-0-2-9-tgz https://registry.npmjs.org/generator-chrome-extension/-/generator-chrome-extension-0.2.9.tgz
204 silly lockFile 2f8423db-rator-chrome-extension-0-2-9-tgz https://registry.npmjs.org/generator-chrome-extension/-/generator-chrome-extension-0.2.9.tgz
205 silly lockFile 08d4591f-generator-chrome-extension-0-2-9 generator-chrome-extension@0.2.9
206 silly lockFile 08d4591f-generator-chrome-extension-0-2-9 generator-chrome-extension@0.2.9
207 silly lockFile 4f45b217-generator-chrome-extension generator-chrome-extension@
208 silly lockFile 4f45b217-generator-chrome-extension generator-chrome-extension@
209 silly resolved [ { name: 'generator-chrome-extension',
209 silly resolved     version: '0.2.9',
209 silly resolved     description: 'Yeoman generator for Chrome Extensions',
209 silly resolved     keywords: [ 'yeoman-generator', 'chrome', 'extension', 'addon' ],
209 silly resolved     author: { name: 'The Yeoman Team' },
209 silly resolved     main: 'app/index.js',
209 silly resolved     repository:
209 silly resolved      { type: 'git',
209 silly resolved        url: 'git://github.com/yeoman/generator-chrome-extension.git' },
209 silly resolved     scripts: { test: 'mocha --reporter spec' },
209 silly resolved     dependencies: { 'yeoman-generator': '^0.17.0' },
209 silly resolved     peerDependencies: { 'generator-mocha': '>=0.1.1', yo: '>=1.0.0' },
209 silly resolved     devDependencies: { mocha: '*', underscore: '^1.6.0' },
209 silly resolved     engines: { node: '>=0.10.0', npm: '>=1.2.10' },
209 silly resolved     licenses: [ [Object] ],
209 silly resolved     readme: '# Chrome Extension generator [![Build Status](https://secure.travis-ci.org/yeoman/generator-chrome-extension.svg?branch=master)](http://travis-ci.org/yeoman/generator-chrome-extension)\n\nMaintainer: [Jimmy Moon](https://github.com/ragingwind)\n\n> Chrome Extension generator that creates everything you need to get started with extension development. You can choose Browser UI(Browser,Page Action, Omnibox) type and select into permissions what you need.\n\n## Getting Started\n\n- First make a new directory, and `cd` into it: mkdir my-new-chrome-extension && cd $_\n- Install the generator: `npm install -g generator-chrome-extension`\n- Run: `yo chrome-extension`, optionally passing an extension name: yo chrome-extension [extension-name]\n\nNeed more information about Chrome Extension? Please visit [Google Chrome Extension Develpment](http://developer.chrome.com/extensions/devguide.html)\n\n![](http://recordit.co/H5y0XHYwgf.gif)\n\n## Generators\n\nAvailable generators:\n\n* [chrome-extension](#app) (aka [chrome-extension:app](#app))\n\n### App\n\nSets up a new Chrome Extension, generating all the boilerplate you need to get started.\n\nExample:\n```bash\nyo chrome-extension\n```\n\n## Test Chrome Extension\n\nTo test, go to: chrome://extensions, enable Developer mode and load app as an unpacked extension.\n\n## Debug\n\nSupport for LiveReload\n\nExample:\n```bash\ngrunt debug\n```\n\n## Build & Package\n\nBy default, generators compress the file that was created by building a js/css/html/resource file. You can distribute the compressed file using the Chrome Developer Dashboard to publish to the Chrome Web Store.\n\nRun this command to build your Chrome Extension project.\n\nExample:\n```bash\ngrunt build\n```\n\n## Options\n\n* `--skip-install`\n\n  Skips the automatic execution of `bower` and `npm` after\n  scaffolding has finished.\n\n* `--test-framework=[framework]`\n\n  Defaults to `mocha`. Can be switched for\n  another supported testing framework like `jasmine`.\n\n* `--coffee`\n\n  Add support for [CoffeeScript](http://coffeescript.org/).\n\n* `--compass`\n\n  Add support for [Compass](http://compass-style.org/).\n\n > WARN, Compiled files that generated by coffee or compass will be remained if your Chrome App is running on Chrome App container (with `grunt debug`). You should remove or ignore that files if you don\'t want to commit to repo.\n\n## Contribute\n\nSee the [contributing docs](https://github.com/yeoman/yeoman/blob/master/contributing.md)\n\n## License\n\n[BSD license](http://opensource.org/licenses/bsd-license.php)\n',
209 silly resolved     readmeFilename: 'readme.md',
209 silly resolved     bugs: { url: 'https://github.com/yeoman/generator-chrome-extension/issues' },
209 silly resolved     _id: 'generator-chrome-extension@0.2.9',
209 silly resolved     dist: { shasum: '81ec60b76dfbf44adafae86f3f8a039a4962eaf7' },
209 silly resolved     _from: 'generator-chrome-extension@',
209 silly resolved     _resolved: 'https://registry.npmjs.org/generator-chrome-extension/-/generator-chrome-extension-0.2.9.tgz' } ]
210 info install generator-chrome-extension@0.2.9 into /usr/local/lib
211 info installOne generator-chrome-extension@0.2.9
212 info /usr/local/lib/node_modules/generator-chrome-extension unbuild
213 verbose tar unpack /home/james/.npm/generator-chrome-extension/0.2.9/package.tgz
214 silly lockFile 3cfaa3f5-dules-generator-chrome-extension tar:///usr/local/lib/node_modules/generator-chrome-extension
215 verbose lock tar:///usr/local/lib/node_modules/generator-chrome-extension /home/james/.npm/3cfaa3f5-dules-generator-chrome-extension.lock
216 silly lockFile 7f4cacbe-rome-extension-0-2-9-package-tgz tar:///home/james/.npm/generator-chrome-extension/0.2.9/package.tgz
217 verbose lock tar:///home/james/.npm/generator-chrome-extension/0.2.9/package.tgz /home/james/.npm/7f4cacbe-rome-extension-0-2-9-package-tgz.lock
218 silly gunzTarPerm modes [ '755', '644' ]
219 error Error: EACCES, mkdir '/usr/local/lib/node_modules/generator-chrome-extension'
219 error  { [Error: EACCES, mkdir '/usr/local/lib/node_modules/generator-chrome-extension']
219 error   errno: 3,
219 error   code: 'EACCES',
219 error   path: '/usr/local/lib/node_modules/generator-chrome-extension',
219 error   fstream_type: 'Directory',
219 error   fstream_path: '/usr/local/lib/node_modules/generator-chrome-extension',
219 error   fstream_class: 'DirWriter',
219 error   fstream_stack:
219 error    [ '/usr/lib/nodejs/fstream/lib/dir-writer.js:36:23',
219 error      '/usr/lib/nodejs/mkdirp/index.js:37:53',
219 error      'Object.oncomplete (fs.js:107:15)' ] }
220 error Please try running this command again as root/Administrator.
221 error System Linux 3.13.0-35-generic
222 error command "/usr/bin/nodejs" "/usr/bin/npm" "install" "-g" "generator-chrome-extension"
223 error cwd /home/james/colour-hash
224 error node -v v0.10.25
225 error npm -v 1.3.10
226 error path /usr/local/lib/node_modules/generator-chrome-extension
227 error fstream_path /usr/local/lib/node_modules/generator-chrome-extension
228 error fstream_type Directory
229 error fstream_class DirWriter
230 error code EACCES
231 error errno 3
232 error stack Error: EACCES, mkdir '/usr/local/lib/node_modules/generator-chrome-extension'
233 error fstream_stack /usr/lib/nodejs/fstream/lib/dir-writer.js:36:23
233 error fstream_stack /usr/lib/nodejs/mkdirp/index.js:37:53
233 error fstream_stack Object.oncomplete (fs.js:107:15)
234 verbose exit [ 3, true ]
